TN:
SF:src\app.js
FNF:0
FNH:0
DA:1,1
DA:2,1
DA:3,1
DA:4,1
DA:5,1
DA:6,1
DA:7,1
DA:8,1
DA:9,1
DA:10,1
DA:11,1
DA:12,1
DA:13,1
DA:14,10
DA:15,1
DA:16,1
DA:17,1
LF:17
LH:17
BRDA:13,0,0,10
BRF:1
BRH:1
end_of_record
TN:
SF:src\auth\authService.js
FN:5,login
FNF:1
FNH:1
FNDA:3,login
DA:1,1
DA:2,1
DA:3,1
DA:4,1
DA:5,3
DA:6,3
DA:7,3
DA:8,1
DA:9,1
DA:10,2
DA:11,2
DA:12,3
DA:13,1
DA:14,1
DA:15,1
DA:16,1
DA:17,1
DA:18,1
DA:19,1
DA:20,1
LF:20
LH:20
BRDA:5,0,0,3
BRDA:7,1,0,1
BRDA:9,2,0,2
BRDA:12,3,0,1
BRF:4
BRH:4
end_of_record
TN:
SF:src\auth\passwordResetService.js
FN:5,resetPassword
FNF:1
FNH:1
FNDA:2,resetPassword
DA:1,1
DA:2,1
DA:3,1
DA:4,1
DA:5,2
DA:6,2
DA:7,2
DA:8,2
DA:9,2
DA:10,2
DA:11,1
DA:12,1
DA:13,1
DA:14,1
DA:15,2
DA:16,0
DA:17,0
DA:18,1
DA:19,1
DA:20,1
DA:21,1
DA:22,1
DA:23,1
DA:24,1
DA:25,1
LF:25
LH:23
BRDA:5,0,0,2
BRDA:10,1,0,1
BRDA:15,2,0,0
BRDA:17,3,0,1
BRF:4
BRH:3
end_of_record
TN:
SF:src\models\PasswordResetToken.js
FNF:0
FNH:0
DA:1,1
DA:2,1
DA:3,1
DA:4,1
DA:5,1
DA:6,1
LF:6
LH:6
BRF:0
BRH:0
end_of_record
TN:
SF:src\models\User.js
FNF:0
FNH:0
DA:1,1
DA:2,1
DA:3,1
DA:4,1
DA:5,1
LF:5
LH:5
BRF:0
BRH:0
end_of_record
